[2023-12-09T21:27:51.445158-03:00] app.DEBUG: uma mensagem de DEBUG [] []
[2023-12-09T21:27:51.448808-03:00] app.INFO: uma mensagem de info [] []
[2023-12-09T21:27:51.448891-03:00] app.NOTICE: uma mensagem de notice [] []
[2023-12-09T21:27:51.448950-03:00] app.WARNING: Uma mensagem de aviso [] []
[2023-12-09T21:27:51.449003-03:00] app.ERROR: Uma mensagem de erro [] []
[2023-12-09T21:27:51.449053-03:00] app.CRITICAL: Uma mensagem critica [] []
[2023-12-09T21:27:51.449101-03:00] app.ALERT: Uma mensagem de alerta [] []
[2023-12-09T21:27:51.449149-03:00] app.EMERGENCY: Uma mensagem de emergencia [] []
[2023-12-09T21:27:51.449198-03:00] app.WARNING: Usuário não autenticado {"user":{"id":123,"name":"John Doe"}} []
[2023-12-09T21:27:51.449255-03:00] app.WARNING: Operação suspeita {"id":123,"name":"John Doe"} []
[2023-12-09T21:28:04.402177-03:00] app.DEBUG: uma mensagem de DEBUG [] []
[2023-12-09T21:28:04.405439-03:00] app.INFO: uma mensagem de info [] []
[2023-12-09T21:28:04.405499-03:00] app.NOTICE: uma mensagem de notice [] []
[2023-12-09T21:28:04.405540-03:00] app.WARNING: Uma mensagem de aviso [] []
[2023-12-09T21:28:04.405575-03:00] app.ERROR: Uma mensagem de erro [] []
[2023-12-09T21:28:04.405607-03:00] app.CRITICAL: Uma mensagem critica [] []
[2023-12-09T21:28:04.405640-03:00] app.ALERT: Uma mensagem de alerta [] []
[2023-12-09T21:28:04.405675-03:00] app.EMERGENCY: Uma mensagem de emergencia [] []
[2023-12-09T21:28:04.405708-03:00] app.WARNING: Usuário não autenticado {"user":{"id":123,"name":"John Doe"}} []
[2023-12-09T21:28:04.405748-03:00] app.WARNING: Operação suspeita {"id":123,"name":"John Doe"} []
[2023-12-09T21:28:58.717691-03:00] app.DEBUG: uma mensagem de DEBUG [] []
[2023-12-09T21:28:58.720672-03:00] app.INFO: uma mensagem de info [] []
[2023-12-09T21:28:58.720733-03:00] app.NOTICE: uma mensagem de notice [] []
[2023-12-09T21:28:58.720773-03:00] app.WARNING: Uma mensagem de aviso [] []
[2023-12-09T21:28:58.720808-03:00] app.ERROR: Uma mensagem de erro [] []
[2023-12-09T21:28:58.720842-03:00] app.CRITICAL: Uma mensagem critica [] []
[2023-12-09T21:28:58.720874-03:00] app.ALERT: Uma mensagem de alerta [] []
[2023-12-09T21:28:58.720906-03:00] app.EMERGENCY: Uma mensagem de emergencia [] []
[2023-12-09T21:28:58.720938-03:00] app.WARNING: Usuário não autenticado {"user":{"id":123,"name":"John Doe"}} []
[2023-12-09T21:28:58.720977-03:00] app.WARNING: Operação suspeita {"id":123,"name":"John Doe"} []
[2023-12-09T21:30:34.718964-03:00] app.DEBUG: uma mensagem de DEBUG [] []
[2023-12-09T21:30:34.722344-03:00] app.INFO: uma mensagem de info [] []
[2023-12-09T21:30:34.722403-03:00] app.NOTICE: uma mensagem de notice [] []
[2023-12-09T21:30:34.722443-03:00] app.WARNING: Uma mensagem de aviso [] []
[2023-12-09T21:30:34.722477-03:00] app.ERROR: Uma mensagem de erro [] []
[2023-12-09T21:30:34.722509-03:00] app.CRITICAL: Uma mensagem critica [] []
[2023-12-09T21:30:34.722541-03:00] app.ALERT: Uma mensagem de alerta [] []
[2023-12-09T21:30:34.722571-03:00] app.EMERGENCY: Uma mensagem de emergencia [] []
[2023-12-09T21:30:34.722603-03:00] app.WARNING: Usuário não autenticado {"user":{"id":123,"name":"John Doe"}} []
[2023-12-09T21:30:34.722641-03:00] app.WARNING: Operação suspeita {"id":123,"name":"John Doe"} []
[2023-12-10T00:48:17.623018-03:00] app.DEBUG: uma mensagem de DEBUG [] []
[2023-12-10T00:48:17.626591-03:00] app.INFO: uma mensagem de info [] []
[2023-12-10T00:48:17.626650-03:00] app.NOTICE: uma mensagem de notice [] []
[2023-12-10T00:48:17.626691-03:00] app.WARNING: Uma mensagem de aviso [] []
[2023-12-10T00:48:17.626725-03:00] app.ERROR: Uma mensagem de erro [] []
[2023-12-10T00:48:17.626758-03:00] app.CRITICAL: Uma mensagem critica [] []
[2023-12-10T00:48:17.626789-03:00] app.ALERT: Uma mensagem de alerta [] []
[2023-12-10T00:48:17.626821-03:00] app.EMERGENCY: Uma mensagem de emergencia [] []
[2023-12-10T00:48:17.626853-03:00] app.WARNING: Usuário não autenticado {"user":{"id":123,"name":"John Doe"}} []
[2023-12-10T00:48:17.626892-03:00] app.WARNING: Operação suspeita {"id":123,"name":"John Doe"} []
[2023-12-10T00:51:42.753149-03:00] app.DEBUG: uma mensagem de DEBUG [] []
[2023-12-10T00:51:42.757184-03:00] app.INFO: uma mensagem de info [] []
[2023-12-10T00:51:42.757245-03:00] app.NOTICE: uma mensagem de notice [] []
[2023-12-10T00:51:42.757286-03:00] app.WARNING: Uma mensagem de aviso [] []
[2023-12-10T00:51:42.757321-03:00] app.ERROR: Uma mensagem de erro [] []
[2023-12-10T00:51:42.757353-03:00] app.CRITICAL: Uma mensagem critica [] []
[2023-12-10T00:51:42.757385-03:00] app.ALERT: Uma mensagem de alerta [] []
[2023-12-10T00:51:42.757416-03:00] app.EMERGENCY: Uma mensagem de emergencia [] []
[2023-12-10T00:51:42.757449-03:00] app.WARNING: Usuário não autenticado {"user":{"id":123,"name":"John Doe"}} []
[2023-12-10T00:51:42.757489-03:00] app.WARNING: Operação suspeita {"id":123,"name":"John Doe"} []
[2023-12-10T00:56:12.988721-03:00] app.DEBUG: uma mensagem de DEBUG [] []
[2023-12-10T00:56:12.992180-03:00] app.INFO: uma mensagem de info [] []
[2023-12-10T00:56:12.992250-03:00] app.NOTICE: uma mensagem de notice [] []
[2023-12-10T00:56:12.992292-03:00] app.WARNING: Uma mensagem de aviso [] []
[2023-12-10T00:56:12.992328-03:00] app.ERROR: Uma mensagem de erro [] []
[2023-12-10T00:56:12.992363-03:00] app.CRITICAL: Uma mensagem critica [] []
[2023-12-10T00:56:12.992395-03:00] app.ALERT: Uma mensagem de alerta [] []
[2023-12-10T00:56:12.992427-03:00] app.EMERGENCY: Uma mensagem de emergencia [] []
[2023-12-10T00:56:12.992460-03:00] app.WARNING: Usuário não autenticado {"user":{"id":123,"name":"John Doe"}} []
[2023-12-10T00:56:12.992500-03:00] app.WARNING: Operação suspeita {"id":123,"name":"John Doe"} []
[2023-12-10T21:19:37.299925-03:00] app.DEBUG: uma mensagem de DEBUG [] []
[2023-12-10T21:19:37.338730-03:00] app.INFO: uma mensagem de info [] []
[2023-12-10T21:19:37.338843-03:00] app.NOTICE: uma mensagem de notice [] []
[2023-12-10T21:19:37.338922-03:00] app.WARNING: Uma mensagem de aviso [] []
[2023-12-10T21:19:37.338985-03:00] app.ERROR: Uma mensagem de erro [] []
[2023-12-10T21:19:37.339042-03:00] app.CRITICAL: Uma mensagem critica [] []
[2023-12-10T21:19:37.339100-03:00] app.ALERT: Uma mensagem de alerta [] []
[2023-12-10T21:19:37.339156-03:00] app.EMERGENCY: Uma mensagem de emergencia [] []
[2023-12-10T21:19:37.339216-03:00] app.WARNING: Usuário não autenticado {"user":{"id":123,"name":"John Doe"}} []
[2023-12-10T21:19:37.339286-03:00] app.WARNING: Operação suspeita {"id":123,"name":"John Doe"} []
[2023-12-10T21:21:35.210003-03:00] app.DEBUG: uma mensagem de DEBUG [] []
[2023-12-10T21:21:35.213015-03:00] app.INFO: uma mensagem de info [] []
[2023-12-10T21:21:35.213074-03:00] app.NOTICE: uma mensagem de notice [] []
[2023-12-10T21:21:35.213114-03:00] app.WARNING: Uma mensagem de aviso [] []
[2023-12-10T21:21:35.213148-03:00] app.ERROR: Uma mensagem de erro [] []
[2023-12-10T21:21:35.213180-03:00] app.CRITICAL: Uma mensagem critica [] []
[2023-12-10T21:21:35.213212-03:00] app.ALERT: Uma mensagem de alerta [] []
[2023-12-10T21:21:35.213245-03:00] app.EMERGENCY: Uma mensagem de emergencia [] []
[2023-12-10T21:21:35.213278-03:00] app.WARNING: Usuário não autenticado {"user":{"id":123,"name":"John Doe"}} []
[2023-12-10T21:21:35.213315-03:00] app.WARNING: Operação suspeita {"id":123,"name":"John Doe"} []
[2023-12-10T21:24:15.522095-03:00] app.DEBUG: uma mensagem de DEBUG [] []
[2023-12-10T21:24:15.524850-03:00] app.INFO: uma mensagem de info [] []
[2023-12-10T21:24:15.524909-03:00] app.NOTICE: uma mensagem de notice [] []
[2023-12-10T21:24:15.524949-03:00] app.WARNING: Uma mensagem de aviso [] []
[2023-12-10T21:24:15.524983-03:00] app.ERROR: Uma mensagem de erro [] []
[2023-12-10T21:24:15.525016-03:00] app.CRITICAL: Uma mensagem critica [] []
[2023-12-10T21:24:15.525047-03:00] app.ALERT: Uma mensagem de alerta [] []
[2023-12-10T21:24:15.525079-03:00] app.EMERGENCY: Uma mensagem de emergencia [] []
[2023-12-10T21:24:15.525111-03:00] app.WARNING: Usuário não autenticado {"user":{"id":123,"name":"John Doe"}} []
[2023-12-10T21:24:15.525150-03:00] app.WARNING: Operação suspeita {"id":123,"name":"John Doe"} []
[2023-12-10T21:25:31.059529-03:00] app.DEBUG: uma mensagem de DEBUG [] []
[2023-12-10T21:25:31.062404-03:00] app.INFO: uma mensagem de info [] []
[2023-12-10T21:25:31.062461-03:00] app.NOTICE: uma mensagem de notice [] []
[2023-12-10T21:25:31.062500-03:00] app.WARNING: Uma mensagem de aviso [] []
[2023-12-10T21:25:31.062534-03:00] app.ERROR: Uma mensagem de erro [] []
[2023-12-10T21:25:31.062565-03:00] app.CRITICAL: Uma mensagem critica [] []
[2023-12-10T21:25:31.062595-03:00] app.ALERT: Uma mensagem de alerta [] []
[2023-12-10T21:25:31.062624-03:00] app.EMERGENCY: Uma mensagem de emergencia [] []
[2023-12-10T21:25:31.062656-03:00] app.WARNING: Usuário não autenticado {"user":{"id":123,"name":"John Doe"}} []
[2023-12-10T21:25:31.062693-03:00] app.WARNING: Operação suspeita {"id":123,"name":"John Doe"} []
[2023-12-10T21:25:32.319951-03:00] app.DEBUG: uma mensagem de DEBUG [] []
[2023-12-10T21:25:32.322131-03:00] app.INFO: uma mensagem de info [] []
[2023-12-10T21:25:32.322188-03:00] app.NOTICE: uma mensagem de notice [] []
[2023-12-10T21:25:32.322226-03:00] app.WARNING: Uma mensagem de aviso [] []
[2023-12-10T21:25:32.322259-03:00] app.ERROR: Uma mensagem de erro [] []
[2023-12-10T21:25:32.322291-03:00] app.CRITICAL: Uma mensagem critica [] []
[2023-12-10T21:25:32.322322-03:00] app.ALERT: Uma mensagem de alerta [] []
[2023-12-10T21:25:32.322353-03:00] app.EMERGENCY: Uma mensagem de emergencia [] []
[2023-12-10T21:25:32.322384-03:00] app.WARNING: Usuário não autenticado {"user":{"id":123,"name":"John Doe"}} []
[2023-12-10T21:25:32.322422-03:00] app.WARNING: Operação suspeita {"id":123,"name":"John Doe"} []
[2023-12-10T21:25:42.677083-03:00] app.DEBUG: uma mensagem de DEBUG [] []
[2023-12-10T21:25:42.679263-03:00] app.INFO: uma mensagem de info [] []
[2023-12-10T21:25:42.679319-03:00] app.NOTICE: uma mensagem de notice [] []
[2023-12-10T21:25:42.679360-03:00] app.WARNING: Uma mensagem de aviso [] []
[2023-12-10T21:25:42.679393-03:00] app.ERROR: Uma mensagem de erro [] []
[2023-12-10T21:25:42.679430-03:00] app.CRITICAL: Uma mensagem critica [] []
[2023-12-10T21:25:42.679460-03:00] app.ALERT: Uma mensagem de alerta [] []
[2023-12-10T21:25:42.679491-03:00] app.EMERGENCY: Uma mensagem de emergencia [] []
[2023-12-10T21:25:42.679522-03:00] app.WARNING: Usuário não autenticado {"user":{"id":123,"name":"John Doe"}} []
[2023-12-10T21:25:42.679559-03:00] app.WARNING: Operação suspeita {"id":123,"name":"John Doe"} []
[2023-12-10T21:25:53.512017-03:00] app.DEBUG: uma mensagem de DEBUG [] []
[2023-12-10T21:25:53.514308-03:00] app.INFO: uma mensagem de info [] []
[2023-12-10T21:25:53.514367-03:00] app.NOTICE: uma mensagem de notice [] []
[2023-12-10T21:25:53.514407-03:00] app.WARNING: Uma mensagem de aviso [] []
[2023-12-10T21:25:53.514441-03:00] app.ERROR: Uma mensagem de erro [] []
[2023-12-10T21:25:53.514474-03:00] app.CRITICAL: Uma mensagem critica [] []
[2023-12-10T21:25:53.514505-03:00] app.ALERT: Uma mensagem de alerta [] []
[2023-12-10T21:25:53.514537-03:00] app.EMERGENCY: Uma mensagem de emergencia [] []
[2023-12-10T21:25:53.514572-03:00] app.WARNING: Usuário não autenticado {"user":{"id":123,"name":"John Doe"}} []
[2023-12-10T21:25:53.514612-03:00] app.WARNING: Operação suspeita {"id":123,"name":"John Doe"} []
[2023-12-10T21:27:03.646367-03:00] app.DEBUG: uma mensagem de DEBUG [] []
[2023-12-10T21:27:03.649015-03:00] app.INFO: uma mensagem de info [] []
[2023-12-10T21:27:03.649074-03:00] app.NOTICE: uma mensagem de notice [] []
[2023-12-10T21:27:03.649114-03:00] app.WARNING: Uma mensagem de aviso [] []
[2023-12-10T21:27:03.649148-03:00] app.ERROR: Uma mensagem de erro [] []
[2023-12-10T21:27:03.649180-03:00] app.CRITICAL: Uma mensagem critica [] []
[2023-12-10T21:27:03.649212-03:00] app.ALERT: Uma mensagem de alerta [] []
[2023-12-10T21:27:03.649243-03:00] app.EMERGENCY: Uma mensagem de emergencia [] []
[2023-12-10T21:27:03.649277-03:00] app.WARNING: Usuário não autenticado {"user":{"id":123,"name":"John Doe"}} []
[2023-12-10T21:27:03.649317-03:00] app.WARNING: Operação suspeita {"id":123,"name":"John Doe"} []
[2023-12-10T21:27:06.274234-03:00] app.DEBUG: uma mensagem de DEBUG [] []
[2023-12-10T21:27:06.277245-03:00] app.INFO: uma mensagem de info [] []
[2023-12-10T21:27:06.277311-03:00] app.NOTICE: uma mensagem de notice [] []
[2023-12-10T21:27:06.277354-03:00] app.WARNING: Uma mensagem de aviso [] []
[2023-12-10T21:27:06.277391-03:00] app.ERROR: Uma mensagem de erro [] []
[2023-12-10T21:27:06.277426-03:00] app.CRITICAL: Uma mensagem critica [] []
[2023-12-10T21:27:06.277459-03:00] app.ALERT: Uma mensagem de alerta [] []
[2023-12-10T21:27:06.277493-03:00] app.EMERGENCY: Uma mensagem de emergencia [] []
[2023-12-10T21:27:06.277527-03:00] app.WARNING: Usuário não autenticado {"user":{"id":123,"name":"John Doe"}} []
[2023-12-10T21:27:06.277570-03:00] app.WARNING: Operação suspeita {"id":123,"name":"John Doe"} []
[2023-12-10T21:27:07.153548-03:00] app.DEBUG: uma mensagem de DEBUG [] []
[2023-12-10T21:27:07.155920-03:00] app.INFO: uma mensagem de info [] []
[2023-12-10T21:27:07.155981-03:00] app.NOTICE: uma mensagem de notice [] []
[2023-12-10T21:27:07.156022-03:00] app.WARNING: Uma mensagem de aviso [] []
[2023-12-10T21:27:07.156056-03:00] app.ERROR: Uma mensagem de erro [] []
[2023-12-10T21:27:07.156090-03:00] app.CRITICAL: Uma mensagem critica [] []
[2023-12-10T21:27:07.156122-03:00] app.ALERT: Uma mensagem de alerta [] []
[2023-12-10T21:27:07.156155-03:00] app.EMERGENCY: Uma mensagem de emergencia [] []
[2023-12-10T21:27:07.156189-03:00] app.WARNING: Usuário não autenticado {"user":{"id":123,"name":"John Doe"}} []
[2023-12-10T21:27:07.156230-03:00] app.WARNING: Operação suspeita {"id":123,"name":"John Doe"} []
[2023-12-10T21:40:50.143691-03:00] app.DEBUG: uma mensagem de DEBUG [] []
[2023-12-10T21:40:50.127652-03:00] app.DEBUG: uma mensagem de DEBUG [] []
[2023-12-10T21:40:50.161723-03:00] app.INFO: uma mensagem de info [] []
[2023-12-10T21:40:50.161778-03:00] app.NOTICE: uma mensagem de notice [] []
[2023-12-10T21:40:50.161772-03:00] app.INFO: uma mensagem de info [] []
[2023-12-10T21:40:50.161813-03:00] app.WARNING: Uma mensagem de aviso [] []
[2023-12-10T21:40:50.161844-03:00] app.ERROR: Uma mensagem de erro [] []
[]
[2023-12-10T21:40:50.161874-03:00] app.WARNING: Uma mensagem de aviso [] []
[2023-12-10T21:40:50.161910-03:00] app.CRITICAL: Uma mensagem critica [] []
[2023-12-10T21:40:50.161947-03:00] app.CRITICAL: Uma mensagem critica [] []
[2023-12-10T21:40:50.161954-03:00] app.ALERT: Uma mensagem de alerta [] []
[2023-12-10T21:40:50.161987-03:00] app.EMERGENCY: Uma mensagem de emergencia [] []
[2023-12-10T21:40:50.162013-03:00] app.EMERGENCY: Uma mensagem de emergencia [] []
[2023-12-10T21:40:50.162018-03:00] app.WARNING: Usuário não autenticado {"user":{"id":123,"name":"John Doe"}} []
[2023-12-10T21:40:50.162053-03:00] app.WARNING: Operação suspeita {"id":123,"name":"John Doe"} []
John Doe"}} []
[2023-12-10T21:40:50.162088-03:00] app.WARNING: Operação suspeita {"id":123,"name":"John Doe"} []
[2023-12-10T21:40:50.127532-03:00] app.DEBUG: uma mensagem de DEBUG [] []
[2023-12-10T21:40:50.162375-03:00] app.INFO: uma mensagem de info [] []
[2023-12-10T21:40:50.162392-03:00] app.INFO: uma mensagem de info [] []
[2023-12-10T21:40:50.162475-03:00] app.NOTICE: uma mensagem de notice [] []
[2023-12-10T21:40:50.162495-03:00] app.NOTICE: uma mensagem de notice [] []
[2023-12-10T21:40:50.162547-03:00] app.WARNING: Uma mensagem de aviso [] []
[2023-12-10T21:40:50.162567-03:00] app.WARNING: Uma mensagem de aviso [] []
[2023-12-10T21:40:50.162608-03:00] app.ERROR: Uma mensagem de erro [] []
[2023-12-10T21:40:50.162628-03:00] app.ERROR: Uma mensagem de erro [] []
[2023-12-10T21:40:50.162666-03:00] app.CRITICAL: Uma mensagem critica [] []
[2023-12-10T21:40:50.162686-03:00] app.CRITICAL: Uma mensagem critica [] []
[2023-12-10T21:40:50.162722-03:00] app.ALERT: Uma mensagem de alerta [] []
[2023-12-10T21:40:50.162743-03:00] app.ALERT: Uma mensagem de alerta [] []
[2023-12-10T21:40:50.162778-03:00] app.EMERGENCY: Uma mensagem de emergencia [] []
[2023-12-10T21:40:50.162841-03:00] app.WARNING: Usuário não autenticado {"user":{"id":123,"name":"John Doe"}} []
[2023-12-10T21:40:50.162957-03:00] app.WARNING: Operação suspeita {"id":123,"name":"John Doe"} []
John Doe"}} []
[2023-12-10T21:40:50.163024-03:00] app.WARNING: Operação suspeita {"id":123,"name":"John Doe"} []
[2023-12-10T21:41:03.079266-03:00] app.DEBUG: uma mensagem de DEBUG [] []
[2023-12-10T21:41:03.081872-03:00] app.INFO: uma mensagem de info [] []
[2023-12-10T21:41:03.081931-03:00] app.NOTICE: uma mensagem de notice [] []
[2023-12-10T21:41:03.081971-03:00] app.WARNING: Uma mensagem de aviso [] []
[2023-12-10T21:41:03.082006-03:00] app.ERROR: Uma mensagem de erro [] []
[2023-12-10T21:41:03.082038-03:00] app.CRITICAL: Uma mensagem critica [] []
[2023-12-10T21:41:03.082069-03:00] app.ALERT: Uma mensagem de alerta [] []
[2023-12-10T21:41:03.082100-03:00] app.EMERGENCY: Uma mensagem de emergencia [] []
[2023-12-10T21:41:03.082173-03:00] app.WARNING: Usuário não autenticado {"user":{"id":123,"name":"John Doe"}} []
[2023-12-10T21:41:03.082218-03:00] app.WARNING: Operação suspeita {"id":123,"name":"John Doe"} []
[2023-12-10T21:42:02.544706-03:00] app.DEBUG: uma mensagem de DEBUG [] []
[2023-12-10T21:42:02.547593-03:00] app.INFO: uma mensagem de info [] []
[2023-12-10T21:42:02.547650-03:00] app.NOTICE: uma mensagem de notice [] []
[2023-12-10T21:42:02.547690-03:00] app.WARNING: Uma mensagem de aviso [] []
[2023-12-10T21:42:02.547725-03:00] app.ERROR: Uma mensagem de erro [] []
[2023-12-10T21:42:02.547757-03:00] app.CRITICAL: Uma mensagem critica [] []
[2023-12-10T21:42:02.547788-03:00] app.ALERT: Uma mensagem de alerta [] []
[2023-12-10T21:42:02.547819-03:00] app.EMERGENCY: Uma mensagem de emergencia [] []
[2023-12-10T21:42:02.547851-03:00] app.WARNING: Usuário não autenticado {"user":{"id":123,"name":"John Doe"}} []
[2023-12-10T21:42:02.547897-03:00] app.WARNING: Operação suspeita {"id":123,"name":"John Doe"} []
[2023-12-10T21:44:12.248145-03:00] app.DEBUG: uma mensagem de DEBUG [] []
[2023-12-10T21:44:12.250854-03:00] app.INFO: uma mensagem de info [] []
[2023-12-10T21:44:12.250914-03:00] app.NOTICE: uma mensagem de notice [] []
[2023-12-10T21:44:12.250956-03:00] app.WARNING: Uma mensagem de aviso [] []
[2023-12-10T21:44:12.250994-03:00] app.ERROR: Uma mensagem de erro [] []
[2023-12-10T21:44:12.251028-03:00] app.CRITICAL: Uma mensagem critica [] []
[2023-12-10T21:44:12.251060-03:00] app.ALERT: Uma mensagem de alerta [] []
[2023-12-10T21:44:12.251092-03:00] app.EMERGENCY: Uma mensagem de emergencia [] []
[2023-12-10T21:44:12.251126-03:00] app.WARNING: Usuário não autenticado {"user":{"id":123,"name":"John Doe"}} []
[2023-12-10T21:44:12.251166-03:00] app.WARNING: Operação suspeita {"id":123,"name":"John Doe"} []
[2023-12-10T21:44:21.493076-03:00] app.DEBUG: uma mensagem de DEBUG [] []
[2023-12-10T21:44:21.495858-03:00] app.INFO: uma mensagem de info [] []
[2023-12-10T21:44:21.495920-03:00] app.NOTICE: uma mensagem de notice [] []
[2023-12-10T21:44:21.495963-03:00] app.WARNING: Uma mensagem de aviso [] []
[2023-12-10T21:44:21.496000-03:00] app.ERROR: Uma mensagem de erro [] []
[2023-12-10T21:44:21.496034-03:00] app.CRITICAL: Uma mensagem critica [] []
[2023-12-10T21:44:21.496067-03:00] app.ALERT: Uma mensagem de alerta [] []
[2023-12-10T21:44:21.496100-03:00] app.EMERGENCY: Uma mensagem de emergencia [] []
[2023-12-10T21:44:21.496135-03:00] app.WARNING: Usuário não autenticado {"user":{"id":123,"name":"John Doe"}} []
[2023-12-10T21:44:21.496194-03:00] app.WARNING: Operação suspeita {"id":123,"name":"John Doe"} []
[2023-12-10T21:49:35.337700-03:00] app.DEBUG: uma mensagem de DEBUG [] []
[2023-12-10T21:49:35.340401-03:00] app.INFO: uma mensagem de info [] []
[2023-12-10T21:49:35.340462-03:00] app.NOTICE: uma mensagem de notice [] []
[2023-12-10T21:49:35.340503-03:00] app.WARNING: Uma mensagem de aviso [] []
[2023-12-10T21:49:35.340538-03:00] app.ERROR: Uma mensagem de erro [] []
[2023-12-10T21:49:35.340571-03:00] app.CRITICAL: Uma mensagem critica [] []
[2023-12-10T21:49:35.340603-03:00] app.ALERT: Uma mensagem de alerta [] []
[2023-12-10T21:49:35.340635-03:00] app.EMERGENCY: Uma mensagem de emergencia [] []
[2023-12-10T21:49:35.340730-03:00] app.WARNING: Usuário não autenticado {"user":{"id":123,"name":"John Doe"}} []
[2023-12-10T21:49:35.340781-03:00] app.WARNING: Operação suspeita {"id":123,"name":"John Doe"} []
[2023-12-10T21:49:38.593031-03:00] app.DEBUG: uma mensagem de DEBUG [] []
[2023-12-10T21:49:38.595330-03:00] app.INFO: uma mensagem de info [] []
[2023-12-10T21:49:38.595389-03:00] app.NOTICE: uma mensagem de notice [] []
[2023-12-10T21:49:38.595428-03:00] app.WARNING: Uma mensagem de aviso [] []
[2023-12-10T21:49:38.595463-03:00] app.ERROR: Uma mensagem de erro [] []
[2023-12-10T21:49:38.595495-03:00] app.CRITICAL: Uma mensagem critica [] []
[2023-12-10T21:49:38.595527-03:00] app.ALERT: Uma mensagem de alerta [] []
[2023-12-10T21:49:38.595558-03:00] app.EMERGENCY: Uma mensagem de emergencia [] []
[2023-12-10T21:49:38.595592-03:00] app.WARNING: Usuário não autenticado {"user":{"id":123,"name":"John Doe"}} []
[2023-12-10T21:49:38.595632-03:00] app.WARNING: Operação suspeita {"id":123,"name":"John Doe"} []
[2023-12-10T21:50:26.115060-03:00] app.DEBUG: uma mensagem de DEBUG [] []
[2023-12-10T21:50:26.117922-03:00] app.INFO: uma mensagem de info [] []
[2023-12-10T21:50:26.117983-03:00] app.NOTICE: uma mensagem de notice [] []
[2023-12-10T21:50:26.118023-03:00] app.WARNING: Uma mensagem de aviso [] []
[2023-12-10T21:50:26.118057-03:00] app.ERROR: Uma mensagem de erro [] []
[2023-12-10T21:50:26.118091-03:00] app.CRITICAL: Uma mensagem critica [] []
[2023-12-10T21:50:26.118123-03:00] app.ALERT: Uma mensagem de alerta [] []
[2023-12-10T21:50:26.118154-03:00] app.EMERGENCY: Uma mensagem de emergencia [] []
[2023-12-10T21:50:26.118187-03:00] app.WARNING: Usuário não autenticado {"user":{"id":123,"name":"John Doe"}} []
[2023-12-10T21:50:26.118226-03:00] app.WARNING: Operação suspeita {"id":123,"name":"John Doe"} []
[2023-12-10T21:51:34.082249-03:00] app.DEBUG: uma mensagem de DEBUG [] []
[2023-12-10T21:51:34.084589-03:00] app.INFO: uma mensagem de info [] []
[2023-12-10T21:51:34.084651-03:00] app.NOTICE: uma mensagem de notice [] []
[2023-12-10T21:51:34.084693-03:00] app.WARNING: Uma mensagem de aviso [] []
[2023-12-10T21:51:34.084728-03:00] app.ERROR: Uma mensagem de erro [] []
[2023-12-10T21:51:34.084761-03:00] app.CRITICAL: Uma mensagem critica [] []
[2023-12-10T21:51:34.084794-03:00] app.ALERT: Uma mensagem de alerta [] []
[2023-12-10T21:51:34.084826-03:00] app.EMERGENCY: Uma mensagem de emergencia [] []
[2023-12-10T21:51:34.084859-03:00] app.WARNING: Usuário não autenticado {"user":{"id":123,"name":"John Doe"}} []
[2023-12-10T21:51:34.084899-03:00] app.WARNING: Operação suspeita {"id":123,"name":"John Doe"} []
[2023-12-10T21:53:47.393885-03:00] app.DEBUG: uma mensagem de DEBUG [] []
[2023-12-10T21:53:47.396633-03:00] app.INFO: uma mensagem de info [] []
[2023-12-10T21:53:47.396694-03:00] app.NOTICE: uma mensagem de notice [] []
[2023-12-10T21:53:47.396738-03:00] app.WARNING: Uma mensagem de aviso [] []
[2023-12-10T21:53:47.396773-03:00] app.ERROR: Uma mensagem de erro [] []
[2023-12-10T21:53:47.396807-03:00] app.CRITICAL: Uma mensagem critica [] []
[2023-12-10T21:53:47.396838-03:00] app.ALERT: Uma mensagem de alerta [] []
[2023-12-10T21:53:47.396870-03:00] app.EMERGENCY: Uma mensagem de emergencia [] []
[2023-12-10T21:53:47.396903-03:00] app.WARNING: Usuário não autenticado {"user":{"id":123,"name":"John Doe"}} []
[2023-12-10T21:53:47.396942-03:00] app.WARNING: Operação suspeita {"id":123,"name":"John Doe"} []
[2023-12-10T21:56:35.948838-03:00] app.DEBUG: uma mensagem de DEBUG [] []
[2023-12-10T21:56:35.951517-03:00] app.INFO: uma mensagem de info [] []
[2023-12-10T21:56:35.951577-03:00] app.NOTICE: uma mensagem de notice [] []
[2023-12-10T21:56:35.951617-03:00] app.WARNING: Uma mensagem de aviso [] []
[2023-12-10T21:56:35.951651-03:00] app.ERROR: Uma mensagem de erro [] []
[2023-12-10T21:56:35.951683-03:00] app.CRITICAL: Uma mensagem critica [] []
[2023-12-10T21:56:35.951716-03:00] app.ALERT: Uma mensagem de alerta [] []
[2023-12-10T21:56:35.951747-03:00] app.EMERGENCY: Uma mensagem de emergencia [] []
[2023-12-10T21:56:35.951837-03:00] app.WARNING: Usuário não autenticado {"user":{"id":123,"name":"John Doe"}} []
[2023-12-10T21:56:35.951887-03:00] app.WARNING: Operação suspeita {"id":123,"name":"John Doe"} []
[2023-12-10T21:57:11.959257-03:00] app.DEBUG: uma mensagem de DEBUG [] []
[2023-12-10T21:57:11.963315-03:00] app.INFO: uma mensagem de info [] []
[2023-12-10T21:57:11.963375-03:00] app.NOTICE: uma mensagem de notice [] []
[2023-12-10T21:57:11.963415-03:00] app.WARNING: Uma mensagem de aviso [] []
[2023-12-10T21:57:11.963449-03:00] app.ERROR: Uma mensagem de erro [] []
[2023-12-10T21:57:11.963482-03:00] app.CRITICAL: Uma mensagem critica [] []
[2023-12-10T21:57:11.963513-03:00] app.ALERT: Uma mensagem de alerta [] []
[2023-12-10T21:57:11.963544-03:00] app.EMERGENCY: Uma mensagem de emergencia [] []
[2023-12-10T21:57:11.963577-03:00] app.WARNING: Usuário não autenticado {"user":{"id":123,"name":"John Doe"}} []
[2023-12-10T21:57:11.963616-03:00] app.WARNING: Operação suspeita {"id":123,"name":"John Doe"} []
[2023-12-14T01:38:44.297163-03:00] app.DEBUG: uma mensagem de DEBUG [] []
[2023-12-14T01:38:44.336967-03:00] app.INFO: uma mensagem de info [] []
[2023-12-14T01:38:44.337032-03:00] app.NOTICE: uma mensagem de notice [] []
[2023-12-14T01:38:44.337073-03:00] app.WARNING: Uma mensagem de aviso [] []
[2023-12-14T01:38:44.337107-03:00] app.ERROR: Uma mensagem de erro [] []
[2023-12-14T01:38:44.337139-03:00] app.CRITICAL: Uma mensagem critica [] []
[2023-12-14T01:38:44.337169-03:00] app.ALERT: Uma mensagem de alerta [] []
[2023-12-14T01:38:44.337200-03:00] app.EMERGENCY: Uma mensagem de emergencia [] []
[2023-12-14T01:38:44.337236-03:00] app.WARNING: Usuário não autenticado {"user":{"id":123,"name":"John Doe"}} []
[2023-12-14T01:38:44.337279-03:00] app.WARNING: Operação suspeita {"id":123,"name":"John Doe"} []
[2023-12-15T18:49:38.255145-03:00] app.DEBUG: uma mensagem de DEBUG [] []
[2023-12-15T18:49:38.303176-03:00] app.INFO: uma mensagem de info [] []
[2023-12-15T18:49:38.303286-03:00] app.NOTICE: uma mensagem de notice [] []
[2023-12-15T18:49:38.303361-03:00] app.WARNING: Uma mensagem de aviso [] []
[2023-12-15T18:49:38.303422-03:00] app.ERROR: Uma mensagem de erro [] []
[2023-12-15T18:49:38.303479-03:00] app.CRITICAL: Uma mensagem critica [] []
[2023-12-15T18:49:38.303535-03:00] app.ALERT: Uma mensagem de alerta [] []
[2023-12-15T18:49:38.303590-03:00] app.EMERGENCY: Uma mensagem de emergencia [] []
[2023-12-15T18:49:38.303647-03:00] app.WARNING: Usuário não autenticado {"user":{"id":123,"name":"John Doe"}} []
[2023-12-15T18:49:38.303716-03:00] app.WARNING: Operação suspeita {"id":123,"name":"John Doe"} []
[2023-12-17T03:32:03.887365-03:00] app.DEBUG: uma mensagem de DEBUG [] []
[2023-12-17T03:32:03.927228-03:00] app.INFO: uma mensagem de info [] []
[2023-12-17T03:32:03.927288-03:00] app.NOTICE: uma mensagem de notice [] []
[2023-12-17T03:32:03.927327-03:00] app.WARNING: Uma mensagem de aviso [] []
[2023-12-17T03:32:03.927359-03:00] app.ERROR: Uma mensagem de erro [] []
[2023-12-17T03:32:03.927390-03:00] app.CRITICAL: Uma mensagem critica [] []
[2023-12-17T03:32:03.927419-03:00] app.ALERT: Uma mensagem de alerta [] []
[2023-12-17T03:32:03.927449-03:00] app.EMERGENCY: Uma mensagem de emergencia [] []
[2023-12-17T03:32:03.927491-03:00] app.WARNING: Usuário não autenticado {"user":{"id":123,"name":"John Doe"}} []
[2023-12-17T03:32:03.927531-03:00] app.WARNING: Operação suspeita {"id":123,"name":"John Doe"} []
[2023-12-17T11:10:56.403955-03:00] app.DEBUG: uma mensagem de DEBUG [] []
[2023-12-17T11:10:56.444440-03:00] app.INFO: uma mensagem de info [] []
[2023-12-17T11:10:56.444544-03:00] app.NOTICE: uma mensagem de notice [] []
[2023-12-17T11:10:56.444614-03:00] app.WARNING: Uma mensagem de aviso [] []
[2023-12-17T11:10:56.444674-03:00] app.ERROR: Uma mensagem de erro [] []
[2023-12-17T11:10:56.444729-03:00] app.CRITICAL: Uma mensagem critica [] []
[2023-12-17T11:10:56.444783-03:00] app.ALERT: Uma mensagem de alerta [] []
[2023-12-17T11:10:56.444836-03:00] app.EMERGENCY: Uma mensagem de emergencia [] []
[2023-12-17T11:10:56.445001-03:00] app.WARNING: Usuário não autenticado {"user":{"id":123,"name":"John Doe"}} []
[2023-12-17T11:10:56.445101-03:00] app.WARNING: Operação suspeita {"id":123,"name":"John Doe"} []
[2023-12-22T16:03:02.376718-03:00] app.DEBUG: uma mensagem de DEBUG [] []
[2023-12-22T16:03:02.418632-03:00] app.INFO: uma mensagem de info [] []
[2023-12-22T16:03:02.418695-03:00] app.NOTICE: uma mensagem de notice [] []
[2023-12-22T16:03:02.418735-03:00] app.WARNING: Uma mensagem de aviso [] []
[2023-12-22T16:03:02.418768-03:00] app.ERROR: Uma mensagem de erro [] []
[2023-12-22T16:03:02.418799-03:00] app.CRITICAL: Uma mensagem critica [] []
[2023-12-22T16:03:02.418828-03:00] app.ALERT: Uma mensagem de alerta [] []
[2023-12-22T16:03:02.418857-03:00] app.EMERGENCY: Uma mensagem de emergencia [] []
[2023-12-22T16:03:02.418887-03:00] app.WARNING: Usuário não autenticado {"user":{"id":123,"name":"John Doe"}} []
[2023-12-22T16:03:02.418924-03:00] app.WARNING: Operação suspeita {"id":123,"name":"John Doe"} []
[2023-12-22T17:24:40.826611-03:00] app.INFO: Banco deletado com sucesso! [] []
[2023-12-22T17:24:40.834446-03:00] app.INFO: Banco [entretenimento] criado com sucesso! [] []
[2023-12-23T09:37:08.459525-03:00] app.DEBUG: uma mensagem de DEBUG [] []
[2023-12-23T09:37:08.493967-03:00] app.INFO: uma mensagem de info [] []
[2023-12-23T09:37:08.494030-03:00] app.NOTICE: uma mensagem de notice [] []
[2023-12-23T09:37:08.494070-03:00] app.WARNING: Uma mensagem de aviso [] []
[2023-12-23T09:37:08.494103-03:00] app.ERROR: Uma mensagem de erro [] []
[2023-12-23T09:37:08.494134-03:00] app.CRITICAL: Uma mensagem critica [] []
[2023-12-23T09:37:08.494164-03:00] app.ALERT: Uma mensagem de alerta [] []
[2023-12-23T09:37:08.494194-03:00] app.EMERGENCY: Uma mensagem de emergencia [] []
[2023-12-23T09:37:08.494225-03:00] app.WARNING: Usuário não autenticado {"user":{"id":123,"name":"John Doe"}} []
[2023-12-23T09:37:08.494263-03:00] app.WARNING: Operação suspeita {"id":123,"name":"John Doe"} []
[2023-12-23T09:38:23.512983-03:00] app.DEBUG: uma mensagem de DEBUG [] []
[2023-12-23T09:38:23.515258-03:00] app.INFO: uma mensagem de info [] []
[2023-12-23T09:38:23.515335-03:00] app.NOTICE: uma mensagem de notice [] []
[2023-12-23T09:38:23.515375-03:00] app.WARNING: Uma mensagem de aviso [] []
[2023-12-23T09:38:23.515408-03:00] app.ERROR: Uma mensagem de erro [] []
[2023-12-23T09:38:23.515440-03:00] app.CRITICAL: Uma mensagem critica [] []
[2023-12-23T09:38:23.515471-03:00] app.ALERT: Uma mensagem de alerta [] []
[2023-12-23T09:38:23.515502-03:00] app.EMERGENCY: Uma mensagem de emergencia [] []
[2023-12-23T09:38:23.515534-03:00] app.WARNING: Usuário não autenticado {"user":{"id":123,"name":"John Doe"}} []
[2023-12-23T09:38:23.515572-03:00] app.WARNING: Operação suspeita {"id":123,"name":"John Doe"} []
[2023-12-23T20:05:02.251297-03:00] app.INFO: Banco deletado com sucesso! [] []
[2023-12-23T20:05:02.290836-03:00] app.INFO: Banco [entretenimento] criado com sucesso! [] []
[2023-12-23T22:18:33.127116-03:00] app.DEBUG: uma mensagem de DEBUG [] []
[2023-12-23T22:18:33.169551-03:00] app.INFO: uma mensagem de info [] []
[2023-12-23T22:18:33.169611-03:00] app.NOTICE: uma mensagem de notice [] []
[2023-12-23T22:18:33.169652-03:00] app.WARNING: Uma mensagem de aviso [] []
[2023-12-23T22:18:33.169686-03:00] app.ERROR: Uma mensagem de erro [] []
[2023-12-23T22:18:33.169718-03:00] app.CRITICAL: Uma mensagem critica [] []
[2023-12-23T22:18:33.169749-03:00] app.ALERT: Uma mensagem de alerta [] []
[2023-12-23T22:18:33.169786-03:00] app.EMERGENCY: Uma mensagem de emergencia [] []
[2023-12-23T22:18:33.169824-03:00] app.WARNING: Usuário não autenticado {"user":{"id":123,"name":"John Doe"}} []
[2023-12-23T22:18:33.169863-03:00] app.WARNING: Operação suspeita {"id":123,"name":"John Doe"} []
[2023-12-23T22:18:33.320750-03:00] app.DEBUG: uma mensagem de DEBUG [] []
[2023-12-23T22:18:33.322906-03:00] app.INFO: uma mensagem de info [] []
[2023-12-23T22:18:33.322963-03:00] app.NOTICE: uma mensagem de notice [] []
[2023-12-23T22:18:33.323066-03:00] app.WARNING: Uma mensagem de aviso [] []
[2023-12-23T22:18:33.323113-03:00] app.ERROR: Uma mensagem de erro [] []
[2023-12-23T22:18:33.323148-03:00] app.CRITICAL: Uma mensagem critica [] []
[2023-12-23T22:18:33.323179-03:00] app.ALERT: Uma mensagem de alerta [] []
[2023-12-23T22:18:33.323210-03:00] app.EMERGENCY: Uma mensagem de emergencia [] []
[2023-12-23T22:18:33.323241-03:00] app.WARNING: Usuário não autenticado {"user":{"id":123,"name":"John Doe"}} []
[2023-12-23T22:18:33.323279-03:00] app.WARNING: Operação suspeita {"id":123,"name":"John Doe"} []
[2023-12-23T22:18:41.260656-03:00] app.DEBUG: uma mensagem de DEBUG [] []
[2023-12-23T22:18:41.263399-03:00] app.INFO: uma mensagem de info [] []
[2023-12-23T22:18:41.263461-03:00] app.NOTICE: uma mensagem de notice [] []
[2023-12-23T22:18:41.263518-03:00] app.WARNING: Uma mensagem de aviso [] []
[2023-12-23T22:18:41.263553-03:00] app.ERROR: Uma mensagem de erro [] []
[2023-12-23T22:18:41.263585-03:00] app.CRITICAL: Uma mensagem critica [] []
[2023-12-23T22:18:41.263617-03:00] app.ALERT: Uma mensagem de alerta [] []
[2023-12-23T22:18:41.263648-03:00] app.EMERGENCY: Uma mensagem de emergencia [] []
[2023-12-23T22:18:41.263681-03:00] app.WARNING: Usuário não autenticado {"user":{"id":123,"name":"John Doe"}} []
[2023-12-23T22:18:41.263720-03:00] app.WARNING: Operação suspeita {"id":123,"name":"John Doe"} []
[2023-12-23T22:18:42.170630-03:00] app.DEBUG: uma mensagem de DEBUG [] []
[2023-12-23T22:18:42.172893-03:00] app.INFO: uma mensagem de info [] []
[2023-12-23T22:18:42.172955-03:00] app.NOTICE: uma mensagem de notice [] []
[2023-12-23T22:18:42.172997-03:00] app.WARNING: Uma mensagem de aviso [] []
[2023-12-23T22:18:42.173032-03:00] app.ERROR: Uma mensagem de erro [] []
[2023-12-23T22:18:42.173065-03:00] app.CRITICAL: Uma mensagem critica [] []
[2023-12-23T22:18:42.173096-03:00] app.ALERT: Uma mensagem de alerta [] []
[2023-12-23T22:18:42.173128-03:00] app.EMERGENCY: Uma mensagem de emergencia [] []
[2023-12-23T22:18:42.173161-03:00] app.WARNING: Usuário não autenticado {"user":{"id":123,"name":"John Doe"}} []
[2023-12-23T22:18:42.173201-03:00] app.WARNING: Operação suspeita {"id":123,"name":"John Doe"} []
[2023-12-23T22:19:11.113600-03:00] app.DEBUG: uma mensagem de DEBUG [] []
[2023-12-23T22:19:11.115880-03:00] app.INFO: uma mensagem de info [] []
[2023-12-23T22:19:11.115941-03:00] app.NOTICE: uma mensagem de notice [] []
[2023-12-23T22:19:11.115981-03:00] app.WARNING: Uma mensagem de aviso [] []
[2023-12-23T22:19:11.116015-03:00] app.ERROR: Uma mensagem de erro [] []
[2023-12-23T22:19:11.116046-03:00] app.CRITICAL: Uma mensagem critica [] []
[2023-12-23T22:19:11.116078-03:00] app.ALERT: Uma mensagem de alerta [] []
[2023-12-23T22:19:11.116109-03:00] app.EMERGENCY: Uma mensagem de emergencia [] []
[2023-12-23T22:19:11.116141-03:00] app.WARNING: Usuário não autenticado {"user":{"id":123,"name":"John Doe"}} []
[2023-12-23T22:19:11.116180-03:00] app.WARNING: Operação suspeita {"id":123,"name":"John Doe"} []
[2023-12-24T00:31:14.390775-03:00] app.DEBUG: uma mensagem de DEBUG [] []
[2023-12-24T00:31:14.393635-03:00] app.INFO: uma mensagem de info [] []
[2023-12-24T00:31:14.393698-03:00] app.NOTICE: uma mensagem de notice [] []
[2023-12-24T00:31:14.393738-03:00] app.WARNING: Uma mensagem de aviso [] []
[2023-12-24T00:31:14.393773-03:00] app.ERROR: Uma mensagem de erro [] []
[2023-12-24T00:31:14.393806-03:00] app.CRITICAL: Uma mensagem critica [] []
[2023-12-24T00:31:14.393837-03:00] app.ALERT: Uma mensagem de alerta [] []
[2023-12-24T00:31:14.393869-03:00] app.EMERGENCY: Uma mensagem de emergencia [] []
[2023-12-24T00:31:14.393901-03:00] app.WARNING: Usuário não autenticado {"user":{"id":123,"name":"John Doe"}} []
[2023-12-24T00:31:14.393941-03:00] app.WARNING: Operação suspeita {"id":123,"name":"John Doe"} []
[2023-12-24T00:39:17.396459-03:00] app.DEBUG: uma mensagem de DEBUG [] []
[2023-12-24T00:39:17.399109-03:00] app.INFO: uma mensagem de info [] []
[2023-12-24T00:39:17.399169-03:00] app.NOTICE: uma mensagem de notice [] []
[2023-12-24T00:39:17.399277-03:00] app.WARNING: Uma mensagem de aviso [] []
[2023-12-24T00:39:17.399323-03:00] app.ERROR: Uma mensagem de erro [] []
[2023-12-24T00:39:17.399358-03:00] app.CRITICAL: Uma mensagem critica [] []
[2023-12-24T00:39:17.399389-03:00] app.ALERT: Uma mensagem de alerta [] []
[2023-12-24T00:39:17.399420-03:00] app.EMERGENCY: Uma mensagem de emergencia [] []
[2023-12-24T00:39:17.399451-03:00] app.WARNING: Usuário não autenticado {"user":{"id":123,"name":"John Doe"}} []
[2023-12-24T00:39:17.399490-03:00] app.WARNING: Operação suspeita {"id":123,"name":"John Doe"} []
[2023-12-24T01:21:31.541205-03:00] app.DEBUG: uma mensagem de DEBUG [] []
[2023-12-24T01:21:31.543900-03:00] app.INFO: uma mensagem de info [] []
[2023-12-24T01:21:31.543961-03:00] app.NOTICE: uma mensagem de notice [] []
[2023-12-24T01:21:31.544001-03:00] app.WARNING: Uma mensagem de aviso [] []
[2023-12-24T01:21:31.544035-03:00] app.ERROR: Uma mensagem de erro [] []
[2023-12-24T01:21:31.544067-03:00] app.CRITICAL: Uma mensagem critica [] []
[2023-12-24T01:21:31.544098-03:00] app.ALERT: Uma mensagem de alerta [] []
[2023-12-24T01:21:31.544130-03:00] app.EMERGENCY: Uma mensagem de emergencia [] []
[2023-12-24T01:21:31.544161-03:00] app.WARNING: Usuário não autenticado {"user":{"id":123,"name":"John Doe"}} []
[2023-12-24T01:21:31.544200-03:00] app.WARNING: Operação suspeita {"id":123,"name":"John Doe"} []
[2023-12-26T15:21:57.423792-03:00] app.DEBUG: uma mensagem de DEBUG [] []
[2023-12-26T15:21:57.459975-03:00] app.INFO: uma mensagem de info [] []
[2023-12-26T15:21:57.460037-03:00] app.NOTICE: uma mensagem de notice [] []
[2023-12-26T15:21:57.460078-03:00] app.WARNING: Uma mensagem de aviso [] []
[2023-12-26T15:21:57.460112-03:00] app.ERROR: Uma mensagem de erro [] []
[2023-12-26T15:21:57.460144-03:00] app.CRITICAL: Uma mensagem critica [] []
[2023-12-26T15:21:57.460174-03:00] app.ALERT: Uma mensagem de alerta [] []
[2023-12-26T15:21:57.460204-03:00] app.EMERGENCY: Uma mensagem de emergencia [] []
[2023-12-26T15:21:57.460235-03:00] app.WARNING: Usuário não autenticado {"user":{"id":123,"name":"John Doe"}} []
[2023-12-26T15:21:57.460273-03:00] app.WARNING: Operação suspeita {"id":123,"name":"John Doe"} []
[2023-12-26T19:58:16.309579-03:00] app.DEBUG: uma mensagem de DEBUG [] []
[2023-12-26T19:58:16.343955-03:00] app.INFO: uma mensagem de info [] []
[2023-12-26T19:58:16.344014-03:00] app.NOTICE: uma mensagem de notice [] []
[2023-12-26T19:58:16.344054-03:00] app.WARNING: Uma mensagem de aviso [] []
[2023-12-26T19:58:16.344093-03:00] app.ERROR: Uma mensagem de erro [] []
[2023-12-26T19:58:16.344125-03:00] app.CRITICAL: Uma mensagem critica [] []
[2023-12-26T19:58:16.344156-03:00] app.ALERT: Uma mensagem de alerta [] []
[2023-12-26T19:58:16.344187-03:00] app.EMERGENCY: Uma mensagem de emergencia [] []
[2023-12-26T19:58:16.344219-03:00] app.WARNING: Usuário não autenticado {"user":{"id":123,"name":"John Doe"}} []
[2023-12-26T19:58:16.344258-03:00] app.WARNING: Operação suspeita {"id":123,"name":"John Doe"} []
[2023-12-26T20:08:37.277031-03:00] app.DEBUG: uma mensagem de DEBUG [] []
[2023-12-26T20:08:37.279661-03:00] app.INFO: uma mensagem de info [] []
[2023-12-26T20:08:37.279721-03:00] app.NOTICE: uma mensagem de notice [] []
[2023-12-26T20:08:37.279762-03:00] app.WARNING: Uma mensagem de aviso [] []
[2023-12-26T20:08:37.279797-03:00] app.ERROR: Uma mensagem de erro [] []
[2023-12-26T20:08:37.279830-03:00] app.CRITICAL: Uma mensagem critica [] []
[2023-12-26T20:08:37.279862-03:00] app.ALERT: Uma mensagem de alerta [] []
[2023-12-26T20:08:37.279893-03:00] app.EMERGENCY: Uma mensagem de emergencia [] []
[2023-12-26T20:08:37.279926-03:00] app.WARNING: Usuário não autenticado {"user":{"id":123,"name":"John Doe"}} []
[2023-12-26T20:08:37.279965-03:00] app.WARNING: Operação suspeita {"id":123,"name":"John Doe"} []
[2023-12-27T01:02:28.230429-03:00] app.DEBUG: uma mensagem de DEBUG [] []
[2023-12-27T01:02:28.268241-03:00] app.INFO: uma mensagem de info [] []
[2023-12-27T01:02:28.268305-03:00] app.NOTICE: uma mensagem de notice [] []
[2023-12-27T01:02:28.268396-03:00] app.WARNING: Uma mensagem de aviso [] []
[2023-12-27T01:02:28.268441-03:00] app.ERROR: Uma mensagem de erro [] []
[2023-12-27T01:02:28.268476-03:00] app.CRITICAL: Uma mensagem critica [] []
[2023-12-27T01:02:28.268509-03:00] app.ALERT: Uma mensagem de alerta [] []
[2023-12-27T01:02:28.268541-03:00] app.EMERGENCY: Uma mensagem de emergencia [] []
[2023-12-27T01:02:28.268573-03:00] app.WARNING: Usuário não autenticado {"user":{"id":123,"name":"John Doe"}} []
[2023-12-27T01:02:28.268612-03:00] app.WARNING: Operação suspeita {"id":123,"name":"John Doe"} []
[2023-12-27T01:12:44.607289-03:00] app.INFO: Banco deletado com sucesso! [] []
[2023-12-27T01:12:44.614757-03:00] app.INFO: Banco [entretenimento] criado com sucesso! [] []
[2023-12-27T01:29:13.675626-03:00] app.INFO: Banco deletado com sucesso! [] []
[2023-12-27T01:29:13.682567-03:00] app.INFO: Banco [entretenimento] criado com sucesso! [] []
[2023-12-27T22:18:14.510689-03:00] app.DEBUG: uma mensagem de DEBUG [] []
[2023-12-27T22:18:14.545873-03:00] app.INFO: uma mensagem de info [] []
[2023-12-27T22:18:14.545934-03:00] app.NOTICE: uma mensagem de notice [] []
[2023-12-27T22:18:14.545974-03:00] app.WARNING: Uma mensagem de aviso [] []
[2023-12-27T22:18:14.546008-03:00] app.ERROR: Uma mensagem de erro [] []
[2023-12-27T22:18:14.546039-03:00] app.CRITICAL: Uma mensagem critica [] []
[2023-12-27T22:18:14.546070-03:00] app.ALERT: Uma mensagem de alerta [] []
[2023-12-27T22:18:14.546100-03:00] app.EMERGENCY: Uma mensagem de emergencia [] []
[2023-12-27T22:18:14.546131-03:00] app.WARNING: Usuário não autenticado {"user":{"id":123,"name":"John Doe"}} []
[2023-12-27T22:18:14.546175-03:00] app.WARNING: Operação suspeita {"id":123,"name":"John Doe"} []
[2024-01-02T20:28:02.266516-03:00] app.INFO: Banco deletado com sucesso! [] []
[2024-01-02T20:28:02.315250-03:00] app.INFO: Banco [entretenimento] criado com sucesso! [] []
[2024-01-04T14:46:34.842987-03:00] app.DEBUG: uma mensagem de DEBUG [] []
[2024-01-04T14:46:34.883628-03:00] app.INFO: uma mensagem de info [] []
[2024-01-04T14:46:34.883682-03:00] app.NOTICE: uma mensagem de notice [] []
[2024-01-04T14:46:34.883719-03:00] app.WARNING: Uma mensagem de aviso [] []
[2024-01-04T14:46:34.883763-03:00] app.ERROR: Uma mensagem de erro [] []
[2024-01-04T14:46:34.883808-03:00] app.CRITICAL: Uma mensagem critica [] []
[2024-01-04T14:46:34.883835-03:00] app.ALERT: Uma mensagem de alerta [] []
[2024-01-04T14:46:34.883858-03:00] app.EMERGENCY: Uma mensagem de emergencia [] []
[2024-01-04T14:46:34.883880-03:00] app.WARNING: Usuário não autenticado {"user":{"id":123,"name":"John Doe"}} []
[2024-01-04T14:46:34.883908-03:00] app.WARNING: Operação suspeita {"id":123,"name":"John Doe"} []
[2024-01-04T19:41:28.312272-03:00] app.DEBUG: uma mensagem de DEBUG [] []
[2024-01-04T19:41:28.315079-03:00] app.INFO: uma mensagem de info [] []
[2024-01-04T19:41:28.315144-03:00] app.NOTICE: uma mensagem de notice [] []
[2024-01-04T19:41:28.315184-03:00] app.WARNING: Uma mensagem de aviso [] []
[2024-01-04T19:41:28.315217-03:00] app.ERROR: Uma mensagem de erro [] []
[2024-01-04T19:41:28.315249-03:00] app.CRITICAL: Uma mensagem critica [] []
[2024-01-04T19:41:28.315279-03:00] app.ALERT: Uma mensagem de alerta [] []
[2024-01-04T19:41:28.315309-03:00] app.EMERGENCY: Uma mensagem de emergencia [] []
[2024-01-04T19:41:28.315341-03:00] app.WARNING: Usuário não autenticado {"user":{"id":123,"name":"John Doe"}} []
[2024-01-04T19:41:28.315388-03:00] app.WARNING: Operação suspeita {"id":123,"name":"John Doe"} []
[2024-01-04T19:44:15.771413-03:00] app.DEBUG: uma mensagem de DEBUG [] []
[2024-01-04T19:44:15.774152-03:00] app.INFO: uma mensagem de info [] []
[2024-01-04T19:44:15.774211-03:00] app.NOTICE: uma mensagem de notice [] []
[2024-01-04T19:44:15.774251-03:00] app.WARNING: Uma mensagem de aviso [] []
[2024-01-04T19:44:15.774289-03:00] app.ERROR: Uma mensagem de erro [] []
[2024-01-04T19:44:15.774320-03:00] app.CRITICAL: Uma mensagem critica [] []
[2024-01-04T19:44:15.774350-03:00] app.ALERT: Uma mensagem de alerta [] []
[2024-01-04T19:44:15.774444-03:00] app.EMERGENCY: Uma mensagem de emergencia [] []
[2024-01-04T19:44:15.774488-03:00] app.WARNING: Usuário não autenticado {"user":{"id":123,"name":"John Doe"}} []
[2024-01-04T19:44:15.774535-03:00] app.WARNING: Operação suspeita {"id":123,"name":"John Doe"} []
[2024-01-04T19:44:34.894661-03:00] app.DEBUG: uma mensagem de DEBUG [] []
[2024-01-04T19:44:34.897303-03:00] app.INFO: uma mensagem de info [] []
[2024-01-04T19:44:34.897362-03:00] app.NOTICE: uma mensagem de notice [] []
[2024-01-04T19:44:34.897401-03:00] app.WARNING: Uma mensagem de aviso [] []
[2024-01-04T19:44:34.897447-03:00] app.ERROR: Uma mensagem de erro [] []
[2024-01-04T19:44:34.897484-03:00] app.CRITICAL: Uma mensagem critica [] []
[2024-01-04T19:44:34.897515-03:00] app.ALERT: Uma mensagem de alerta [] []
[2024-01-04T19:44:34.897545-03:00] app.EMERGENCY: Uma mensagem de emergencia [] []
[2024-01-04T19:44:34.897577-03:00] app.WARNING: Usuário não autenticado {"user":{"id":123,"name":"John Doe"}} []
[2024-01-04T19:44:34.897615-03:00] app.WARNING: Operação suspeita {"id":123,"name":"John Doe"} []
[2024-01-04T19:45:30.537133-03:00] app.DEBUG: uma mensagem de DEBUG [] []
[2024-01-04T19:45:30.538839-03:00] app.INFO: uma mensagem de info [] []
[2024-01-04T19:45:30.538895-03:00] app.NOTICE: uma mensagem de notice [] []
[2024-01-04T19:45:30.538926-03:00] app.WARNING: Uma mensagem de aviso [] []
[2024-01-04T19:45:30.538951-03:00] app.ERROR: Uma mensagem de erro [] []
[2024-01-04T19:45:30.538974-03:00] app.CRITICAL: Uma mensagem critica [] []
[2024-01-04T19:45:30.538996-03:00] app.ALERT: Uma mensagem de alerta [] []
[2024-01-04T19:45:30.539018-03:00] app.EMERGENCY: Uma mensagem de emergencia [] []
[2024-01-04T19:45:30.539041-03:00] app.WARNING: Usuário não autenticado {"user":{"id":123,"name":"John Doe"}} []
[2024-01-04T19:45:30.539071-03:00] app.WARNING: Operação suspeita {"id":123,"name":"John Doe"} []
[2024-01-04T19:56:18.168924-03:00] app.DEBUG: uma mensagem de DEBUG [] []
[2024-01-04T19:56:18.201976-03:00] app.INFO: uma mensagem de info [] []
[2024-01-04T19:56:18.202043-03:00] app.NOTICE: uma mensagem de notice [] []
[2024-01-04T19:56:18.202085-03:00] app.WARNING: Uma mensagem de aviso [] []
[2024-01-04T19:56:18.202119-03:00] app.ERROR: Uma mensagem de erro [] []
[2024-01-04T19:56:18.202161-03:00] app.CRITICAL: Uma mensagem critica [] []
[2024-01-04T19:56:18.202203-03:00] app.ALERT: Uma mensagem de alerta [] []
[2024-01-04T19:56:18.202235-03:00] app.EMERGENCY: Uma mensagem de emergencia [] []
[2024-01-04T19:56:18.202267-03:00] app.WARNING: Usuário não autenticado {"user":{"id":123,"name":"John Doe"}} []
[2024-01-04T19:56:18.202307-03:00] app.WARNING: Operação suspeita {"id":123,"name":"John Doe"} []
[2024-01-06T16:48:04.251093-03:00] app.DEBUG: uma mensagem de DEBUG [] []
[2024-01-06T16:48:04.322060-03:00] app.INFO: uma mensagem de info [] []
[2024-01-06T16:48:04.322133-03:00] app.NOTICE: uma mensagem de notice [] []
[2024-01-06T16:48:04.322177-03:00] app.WARNING: Uma mensagem de aviso [] []
[2024-01-06T16:48:04.322214-03:00] app.ERROR: Uma mensagem de erro [] []
[2024-01-06T16:48:04.322262-03:00] app.CRITICAL: Uma mensagem critica [] []
[2024-01-06T16:48:04.322297-03:00] app.ALERT: Uma mensagem de alerta [] []
[2024-01-06T16:48:04.322330-03:00] app.EMERGENCY: Uma mensagem de emergencia [] []
[2024-01-06T16:48:04.322364-03:00] app.WARNING: Usuário não autenticado {"user":{"id":123,"name":"John Doe"}} []
[2024-01-06T16:48:04.322410-03:00] app.WARNING: Operação suspeita {"id":123,"name":"John Doe"} []
[2024-01-07T13:07:45.512741-03:00] app.DEBUG: uma mensagem de DEBUG [] []
[2024-01-07T13:07:45.583734-03:00] app.INFO: uma mensagem de info [] []
[2024-01-07T13:07:45.583785-03:00] app.NOTICE: uma mensagem de notice [] []
[2024-01-07T13:07:45.583815-03:00] app.WARNING: Uma mensagem de aviso [] []
[2024-01-07T13:07:45.583840-03:00] app.ERROR: Uma mensagem de erro [] []
[2024-01-07T13:07:45.583864-03:00] app.CRITICAL: Uma mensagem critica [] []
[2024-01-07T13:07:45.583887-03:00] app.ALERT: Uma mensagem de alerta [] []
[2024-01-07T13:07:45.583962-03:00] app.EMERGENCY: Uma mensagem de emergencia [] []
[2024-01-07T13:07:45.583996-03:00] app.WARNING: Usuário não autenticado {"user":{"id":123,"name":"John Doe"}} []
[2024-01-07T13:07:45.584027-03:00] app.WARNING: Operação suspeita {"id":123,"name":"John Doe"} []
[2024-01-07T23:09:56.752704-03:00] app.DEBUG: uma mensagem de DEBUG [] []
[2024-01-07T23:09:56.779537-03:00] app.INFO: uma mensagem de info [] []
[2024-01-07T23:09:56.779578-03:00] app.NOTICE: uma mensagem de notice [] []
[2024-01-07T23:09:56.779604-03:00] app.WARNING: Uma mensagem de aviso [] []
[2024-01-07T23:09:56.779627-03:00] app.ERROR: Uma mensagem de erro [] []
[2024-01-07T23:09:56.779648-03:00] app.CRITICAL: Uma mensagem critica [] []
[2024-01-07T23:09:56.779669-03:00] app.ALERT: Uma mensagem de alerta [] []
[2024-01-07T23:09:56.779688-03:00] app.EMERGENCY: Uma mensagem de emergencia [] []
[2024-01-07T23:09:56.779709-03:00] app.WARNING: Usuário não autenticado {"user":{"id":123,"name":"John Doe"}} []
[2024-01-07T23:09:56.779736-03:00] app.WARNING: Operação suspeita {"id":123,"name":"John Doe"} []
